<?xml version="1.0" encoding="UTF-8"?>
<!-- Generated by org.testng.reporters.JUnitReportReporter -->
<testsuite skipped="0" hostname="63HU5NVQ2KB4XRQ" name="Case.ExcelUtilTest7" tests="1" failures="0" timestamp="19 六月 2021 14:49:26 GMT" time="0.045" errors="0">
  <testcase name="login" time="0.045" classname="Case.ExcelUtilTest7"/>
</testsuite> <!-- Case.ExcelUtilTest7 -->
