<?xml version="1.0" encoding="UTF-8"?>
<!-- Generated by org.testng.reporters.JUnitReportReporter -->
<testsuite skipped="0" hostname="63HU5NVQ2KB4XRQ" name="Case.ExcelUtilTest7" tests="1" failures="0" timestamp="19 六月 2021 10:26:32 GMT" time="3.740" errors="0">
  <testcase name="login" time="3.740" classname="Case.ExcelUtilTest7"/>
</testsuite> <!-- Case.ExcelUtilTest7 -->
